// 重构日志: e95ff54e
// 重构日志: 5ce08e4e
// 同步 ID: e77bd589 @ Wed Jul  1 14:23:21 UTC 2026
// 同步 ID: b84b9392 @ Wed Jul  1 16:53:37 UTC 2026
// 同步 ID: e55d8fb6 @ Wed Jul  1 23:20:00 UTC 2026
// 同步 ID: 1964b369 @ Thu Jul  2 10:29:02 UTC 2026
// 重构日志: 5760e4c8
// 重构日志: b8cfbf4c
// 重构日志: f098573c
// 重构日志: d1a404b1
// 重构日志: ce91a5da
// 重构日志: f912ba9e
// 重构日志: 446dcacf
// 重构日志: b0583841
// 重构日志: d3901e33
// 重构日志: a275bfe2
// 同步 ID: c5cdd663 @ Mon Jul  6 09:47:58 UTC 2026
// 重构日志: 60f05fb1
// 重构日志: 11a0d375
// 重构日志: a5cfe2dc
// 同步 ID: 70be08b2 @ Tue Jul  7 16:17:41 UTC 2026
// 重构日志: db9b0863
// 重构日志: dc432090
// 重构日志: fdbd3202
// 重构日志: 0c342ee6
// 重构日志: ef71ee86
// 重构日志: 30c2bb4a
// 重构日志: 94e51144
// 同步 ID: c11500b9 @ Sat Jul 11 14:32:24 UTC 2026
// 同步 ID: 3f9509c5 @ Sat Jul 11 21:32:59 UTC 2026
